<?xml version="1.0" encoding="UTF-8"?>
<!-- Generated by org.testng.reporters.JUnitXMLReporter -->
<testsuite hostname="AURIN-BETU" name="Free CRM App Test Cases" tests="2" failures="0" timestamp="20 Oct 2019 19:09:36 GMT" time="55.93" errors="0">
  <testcase name="serachingFlights" time="10.399" classname="com.hca.qa.testcase.SearchingFlights"/>
  <testcase name="seletingFlightfrmlist" time="7.873" classname="com.hca.qa.testcase.SelectingFlightsFromTable"/>
</testsuite> <!-- Free CRM App Test Cases -->
